{
  "RSpec": {
    "coverage": {
      "/home/atharva/Workspace/UrbanVista/app/helpers/agents_helper.rb": {
        "lines": [
          1,
          null
        ]
      },
      "/home/atharva/Workspace/UrbanVista/app/helpers/application_helper.rb": {
        "lines": [
          1,
          1,
          26,
          16,
          10,
          0,
          0,
          0,
          null,
          null,
          null
        ]
      },
      "/home/atharva/Workspace/UrbanVista/app/helpers/appointments_helper.rb": {
        "lines": [
          1,
          null
        ]
      },
      "/home/atharva/Workspace/UrbanVista/app/helpers/customer_helper.rb": {
        "lines": [
          1,
          null
        ]
      },
      "/home/atharva/Workspace/UrbanVista/app/helpers/pages_helper.rb": {
        "lines": [
          1,
          null
        ]
      },
      "/home/atharva/Workspace/UrbanVista/app/helpers/password_resets_helper.rb": {
        "lines": [
          1,
          null
        ]
      },
      "/home/atharva/Workspace/UrbanVista/app/helpers/property_helper.rb": {
        "lines": [
          1,
          null
        ]
      },
      "/home/atharva/Workspace/UrbanVista/app/helpers/sessions_helper.rb": {
        "lines": [
          1,
          null
        ]
      },
      "/home/atharva/Workspace/UrbanVista/app/helpers/users_helper.rb": {
        "lines": [
          1,
          null
        ]
      },
      "/home/atharva/Workspace/UrbanVista/app/models/customer.rb": {
        "lines": [
          1,
          1,
          1,
          1,
          null,
          1,
          null
        ]
      },
      "/home/atharva/Workspace/UrbanVista/app/models/application_record.rb": {
        "lines": [
          1,
          1,
          null
        ]
      },
      "/home/atharva/Workspace/UrbanVista/app/models/property.rb": {
        "lines": [
          1,
          1,
          1,
          null,
          null,
          1,
          1,
          1,
          null,
          1,
          1,
          1,
          1,
          1,
          null
        ]
      },
      "/home/atharva/Workspace/UrbanVista/app/models/tag.rb": {
        "lines": [
          1,
          1,
          1,
          null,
          1,
          1,
          null,
          1,
          null,
          1,
          1,
          3,
          null,
          null
        ]
      },
      "/home/atharva/Workspace/UrbanVista/app/models/tenant.rb": {
        "lines": [
          1,
          1,
          1,
          1,
          1,
          1,
          1,
          null,
          1,
          null,
          1,
          1,
          77,
          null,
          null
        ]
      },
      "/home/atharva/Workspace/UrbanVista/app/models/user.rb": {
        "lines": [
          1,
          1,
          1,
          null,
          1,
          1,
          1,
          null,
          1,
          null,
          1,
          null,
          1,
          null,
          1,
          1,
          1,
          1,
          1,
          null,
          1,
          0,
          0,
          0,
          0,
          null,
          null,
          null,
          1,
          0,
          0,
          null,
          null,
          null,
          null,
          null,
          1,
          null,
          null,
          1,
          33,
          null,
          null,
          1,
          0,
          null,
          null,
          1,
          1,
          78,
          null,
          null
        ]
      },
      "/home/atharva/Workspace/UrbanVista/app/controllers/appointments_controller.rb": {
        "lines": [
          1,
          1,
          1,
          1,
          null,
          1,
          null,
          1,
          1,
          1,
          null,
          0,
          null,
          null,
          null,
          1,
          2,
          1,
          1,
          null,
          1,
          null,
          null,
          1,
          1,
          1,
          1,
          null,
          null,
          1,
          1,
          1,
          null,
          1,
          0,
          null,
          1,
          1,
          null,
          null,
          null,
          1,
          0,
          0,
          0,
          null,
          0,
          null,
          null,
          1,
          3,
          2,
          2,
          1,
          null,
          1,
          1,
          null,
          null,
          1,
          null,
          null,
          1,
          2,
          1,
          1,
          1,
          null,
          1,
          null,
          null,
          1,
          null,
          1,
          0,
          null,
          null,
          1,
          1,
          1,
          null,
          null,
          1,
          3,
          null,
          null,
          1,
          10,
          null,
          null
        ]
      },
      "/home/atharva/Workspace/UrbanVista/app/controllers/application_controller.rb": {
        "lines": [
          1,
          1,
          null,
          1,
          null,
          1,
          1,
          null,
          1,
          null,
          1,
          null,
          1,
          null,
          1,
          0,
          0,
          null,
          null,
          null,
          1,
          283,
          283,
          230,
          null,
          230,
          null,
          0,
          null,
          null,
          null,
          null,
          null,
          null,
          1,
          283,
          283,
          230,
          230,
          null,
          null,
          null,
          1,
          0,
          null,
          null,
          null,
          1,
          36,
          15,
          15,
          null,
          null,
          null,
          1,
          37,
          37,
          11,
          22,
          11,
          null,
          null,
          null,
          null,
          1,
          1,
          0,
          0,
          null,
          null
        ]
      },
      "/home/atharva/Workspace/UrbanVista/app/controllers/customers_controller.rb": {
        "lines": [
          1,
          1,
          1,
          1,
          1,
          1,
          1,
          null,
          null,
          1,
          1,
          1,
          null,
          null,
          1,
          1,
          1,
          1,
          null,
          0,
          null,
          null,
          null,
          1,
          null,
          1,
          3,
          null,
          null,
          null,
          1,
          1,
          null
        ]
      },
      "/home/atharva/Workspace/UrbanVista/app/controllers/properties_controller.rb": {
        "lines": [
          1,
          1,
          1,
          1,
          1,
          3,
          3,
          3,
          3,
          3,
          3,
          null,
          null,
          1,
          4,
          2,
          null,
          2,
          2,
          2,
          2,
          2,
          null,
          null,
          1,
          null,
          null,
          5,
          2,
          2,
          null,
          3,
          null,
          null,
          null,
          1,
          2,
          2,
          2,
          null,
          null,
          1,
          2,
          2,
          null,
          2,
          1,
          null,
          1,
          null,
          null,
          null,
          1,
          2,
          1,
          1,
          1,
          null,
          1,
          null,
          null,
          1,
          8,
          7,
          7,
          1,
          null,
          6,
          null,
          null,
          null,
          null,
          null,
          null,
          1,
          null,
          null,
          1,
          null,
          1,
          26,
          null,
          null,
          1,
          9,
          null,
          null
        ]
      },
      "/home/atharva/Workspace/UrbanVista/app/controllers/sessions_controller.rb": {
        "lines": [
          1,
          null,
          1,
          1,
          1,
          1,
          1,
          null,
          1,
          null,
          null,
          null,
          null,
          1,
          44,
          44,
          40,
          40,
          null,
          null,
          null,
          null,
          40,
          null,
          4,
          4,
          null,
          null,
          null,
          1,
          0,
          0,
          null,
          null,
          1,
          1,
          40,
          null,
          null
        ]
      },
      "/home/atharva/Workspace/UrbanVista/app/controllers/users_controller.rb": {
        "lines": [
          1,
          1,
          1,
          1,
          null,
          1,
          0,
          null,
          null,
          null,
          null,
          null,
          1,
          5,
          null,
          5,
          1,
          null,
          1,
          null,
          null,
          null,
          null,
          1,
          null,
          4,
          4,
          null,
          null,
          null,
          1,
          null,
          1,
          0,
          null,
          null,
          1,
          1,
          null,
          null,
          1,
          null,
          5,
          null,
          null
        ]
      },
      "/home/atharva/Workspace/UrbanVista/app/models/appointment.rb": {
        "lines": [
          1,
          1,
          1,
          1,
          1,
          null,
          1,
          1,
          1,
          1,
          1,
          null,
          1,
          null,
          1,
          null,
          1,
          11,
          null,
          null,
          null,
          null,
          null,
          null,
          11,
          0,
          null,
          null,
          null
        ]
      },
      "/home/atharva/Workspace/UrbanVista/app/policies/appointment_policy.rb": {
        "lines": [
          1,
          1,
          1,
          1,
          1,
          null,
          0,
          null,
          null,
          null,
          null,
          1,
          1,
          null,
          null,
          1,
          1,
          null,
          null,
          1,
          2,
          null,
          null,
          1,
          2,
          null,
          null,
          1,
          1,
          null
        ]
      },
      "/home/atharva/Workspace/UrbanVista/app/policies/application_policy.rb": {
        "lines": [
          null,
          null,
          1,
          1,
          null,
          1,
          27,
          27,
          null,
          null,
          1,
          0,
          null,
          null,
          1,
          0,
          null,
          null,
          1,
          0,
          null,
          null,
          1,
          3,
          null,
          null,
          1,
          0,
          null,
          null,
          1,
          1,
          null,
          null,
          1,
          0,
          null,
          null,
          1,
          1,
          5,
          5,
          null,
          null,
          1,
          0,
          null,
          null,
          1,
          null,
          1,
          null,
          null
        ]
      },
      "/home/atharva/Workspace/UrbanVista/app/policies/customer_policy.rb": {
        "lines": [
          1,
          null,
          null,
          null,
          null,
          null,
          null,
          1,
          null,
          null,
          null,
          null,
          1,
          1,
          1,
          null,
          0,
          null,
          null,
          null,
          null,
          1,
          1,
          null,
          null,
          1,
          0,
          null,
          null,
          1,
          0,
          null,
          null,
          1,
          0,
          null,
          null,
          1,
          0,
          null,
          null
        ]
      },
      "/home/atharva/Workspace/UrbanVista/app/services/customers_service.rb": {
        "lines": [
          1,
          1,
          1,
          null,
          null,
          1,
          1,
          1,
          1,
          null,
          0,
          null,
          null
        ]
      },
      "/home/atharva/Workspace/UrbanVista/app/controllers/password_resets_controller.rb": {
        "lines": [
          1,
          1,
          null,
          1,
          null,
          null,
          1,
          null,
          null,
          1,
          0,
          0,
          0,
          0,
          null,
          null,
          1,
          0,
          null,
          null,
          1,
          0,
          0,
          0,
          0,
          0,
          0,
          0,
          null,
          0,
          null,
          null,
          null,
          1,
          1,
          0,
          null,
          null
        ]
      },
      "/home/atharva/Workspace/UrbanVista/app/services/properties_service.rb": {
        "lines": [
          1,
          1,
          0,
          null,
          null,
          null,
          null,
          null,
          null,
          1,
          19,
          null,
          7,
          null,
          null,
          1,
          3,
          3,
          null,
          0,
          null,
          null,
          null,
          1,
          null,
          3,
          null,
          null,
          null
        ]
      },
      "/home/atharva/Workspace/UrbanVista/app/policies/property_policy.rb": {
        "lines": [
          1,
          null,
          null,
          null,
          null,
          null,
          1,
          null,
          null,
          null,
          null,
          1,
          3,
          null,
          3,
          3,
          null,
          0,
          null,
          null,
          null,
          null,
          null,
          1,
          3,
          null,
          null,
          1,
          2,
          null,
          null,
          1,
          4,
          null,
          null,
          1,
          8,
          null,
          null,
          1,
          2,
          null,
          null
        ]
      },
      "/home/atharva/Workspace/UrbanVista/app/controllers/agents_controller.rb": {
        "lines": [
          0,
          0,
          null,
          0,
          0,
          0,
          0,
          0,
          null,
          0,
          0,
          0,
          0,
          null,
          0,
          0,
          0,
          null,
          0,
          0,
          0,
          0,
          null,
          0,
          null,
          0,
          0
        ],
        "branches": {}
      },
      "/home/atharva/Workspace/UrbanVista/app/controllers/pages_controller.rb": {
        "lines": [
          0,
          0,
          0,
          0,
          0,
          0,
          0
        ],
        "branches": {}
      },
      "/home/atharva/Workspace/UrbanVista/app/jobs/application_job.rb": {
        "lines": [
          0,
          null,
          null,
          null,
          null,
          null,
          0
        ],
        "branches": {}
      },
      "/home/atharva/Workspace/UrbanVista/app/mailers/application_mailer.rb": {
        "lines": [
          0,
          0,
          0,
          0
        ],
        "branches": {}
      },
      "/home/atharva/Workspace/UrbanVista/app/mailers/user_mailer.rb": {
        "lines": [
          0,
          0,
          0,
          0,
          0,
          0,
          0
        ],
        "branches": {}
      },
      "/home/atharva/Workspace/UrbanVista/app/models/property_tag.rb": {
        "lines": [
          0,
          0,
          0,
          0
        ],
        "branches": {}
      },
      "/home/atharva/Workspace/UrbanVista/app/policies/agent_policy.rb": {
        "lines": [
          0,
          null,
          null,
          null,
          null,
          null,
          null,
          0,
          null,
          null,
          null,
          null,
          0,
          0,
          0,
          0,
          0,
          0,
          0,
          0,
          null,
          0,
          0,
          0,
          null,
          0,
          0,
          0,
          null,
          0,
          0,
          0,
          null,
          0,
          0,
          0,
          null,
          0,
          0,
          0,
          0
        ],
        "branches": {}
      },
      "/home/atharva/Workspace/UrbanVista/app/policies/user_policy.rb": {
        "lines": [
          0,
          null,
          null,
          null,
          null,
          null,
          null,
          0,
          0,
          0,
          null,
          0,
          0,
          0,
          null,
          0,
          0,
          0,
          null,
          0,
          0,
          0,
          null,
          0,
          0,
          0,
          null,
          0,
          0,
          0,
          null,
          0,
          0,
          0,
          null,
          0,
          0,
          0,
          null,
          0,
          0,
          0,
          0,
          0,
          0,
          0,
          0,
          0,
          0
        ],
        "branches": {}
      }
    },
    "timestamp": 1742467296
  }
}
